-------------------------------------------------------------------------------
Test set: ma.atos.agencymanagement.controller.HabilitationTests
-------------------------------------------------------------------------------
Tests run: 1, Failures: 0, Errors: 1, Skipped: 0, Time elapsed: 0.004 s <<< FAILURE! - in ma.atos.agencymanagement.controller.HabilitationTests
ma.atos.agencymanagement.controller.HabilitationTests  Time elapsed: 0.004 s  <<< ERROR!
java.lang.IllegalStateException: Configuration error: found multiple declarations of @BootstrapWith for test class [ma.atos.agencymanagement.controller.HabilitationTests]: [@org.springframework.test.context.BootstrapWith(value=org.springframework.boot.test.context.SpringBootTestContextBootstrapper), @org.springframework.test.context.BootstrapWith(value=org.springframework.boot.test.autoconfigure.orm.jpa.DataJpaTestContextBootstrapper)]

