-------------------------------------------------------------------------------
Test set: ma.atos.agencymanagement.AgencymanagementApplicationTests
-------------------------------------------------------------------------------
Tests run: 1, Failures: 0, Errors: 1, Skipped: 0, Time elapsed: 6.491 s <<< FAILURE! - in ma.atos.agencymanagement.AgencymanagementApplicationTests
contextLoads  Time elapsed: 0.008 s  <<< ERROR!
java.lang.IllegalStateException: Failed to load ApplicationContext
Caused by: org.springframework.beans.factory.BeanCreationException: Error creating bean with name 'entityManagerFactory' defined in class path resource [org/springframework/boot/autoconfigure/orm/jpa/HibernateJpaConfiguration.class]: Invocation of init method failed; nested exception is javax.persistence.PersistenceException: [PersistenceUnit: default] Unable to build Hibernate SessionFactory; nested exception is org.hibernate.MappingException: Could not determine type for: java.util.List, at table: agency, for columns: [org.hibernate.mapping.Column(merged_agencies)]
Caused by: javax.persistence.PersistenceException: [PersistenceUnit: default] Unable to build Hibernate SessionFactory; nested exception is org.hibernate.MappingException: Could not determine type for: java.util.List, at table: agency, for columns: [org.hibernate.mapping.Column(merged_agencies)]
Caused by: org.hibernate.MappingException: Could not determine type for: java.util.List, at table: agency, for columns: [org.hibernate.mapping.Column(merged_agencies)]

